    13:37:59      bwmc | ok
    13:41:10      bwmc | ?
    13:48:53 RAZ0REDGE | so what are the irc servers u talk about
    13:48:55 RAZ0REDGE | and channels
    13:49:02 RAZ0REDGE | me and some other people want to join in
    13:49:13 RAZ0REDGE | :)
    13:49:15      bwmc | u don't know? rofl so much for 'watching'
    13:49:22      bwmc | dumb skid
    13:49:24      bwmc | :)
    13:49:39 RAZ0REDGE | what is it
    13:49:46 RAZ0REDGE | u dont want us to go in ur channel ?
    13:49:55 RAZ0REDGE | if you have nothing to be afraid of eh
    13:49:59 RAZ0REDGE | please let us know
    13:50:25      bwmc | there is 3 diff irc's
    13:50:31      bwmc | 1 is unixhub, they are having a good laugh at you
    13:50:47      bwmc | even put the topic to "you've have been curse"
    13:50:50      bwmc | rofl
    13:51:24 RAZ0REDGE | unixhub still around
    13:51:37 RAZ0REDGE | nixer the other one right
    13:51:44      bwmc | no unixhub = nixers
    13:51:50      bwmc | we saw ur posts on forum too crying
    13:51:51 RAZ0REDGE | oh well get it right
    13:51:53      bwmc | funny shit
    13:51:58 RAZ0REDGE | ?
    13:52:07      bwmc | u made that free forum site
    13:52:09 RAZ0REDGE | crying ?
    13:52:11      bwmc | and all the posts were by you
    13:52:20      bwmc | lol
    13:52:29      bwmc | dumb autistic idiot
    13:52:43 RAZ0REDGE | so because i'm not popular that makes me dumb and autistic
    13:52:53      bwmc | no, what makes you dumb and autistic
    13:53:00      bwmc | is because you talk/behave like someone with autism
    13:53:07 RAZ0REDGE | RMS seems to be quite autistic
    13:53:16      bwmc | nah rms has aspergers
    13:53:21      bwmc | he can still function productively
    13:53:22 RAZ0REDGE | same shit
    13:53:27      bwmc | you probably have real autism
    13:53:31 RAZ0REDGE | if u say autistic as u say it is
    13:53:32      bwmc | explains why u r so dumb
    13:53:42 RAZ0REDGE | i suppose Dennis richie was autistic eh
    13:53:46      bwmc | no
    13:53:48 RAZ0REDGE | yes
    13:53:53 RAZ0REDGE | he is anti social
    13:54:04 RAZ0REDGE | he didnt like to be around people
    13:54:12 RAZ0REDGE | like to focus on one thing alot
    13:54:14 RAZ0REDGE | aka C
    13:54:23      bwmc | no...
    13:54:24      bwmc | http://aq.server8.org/
    13:54:29      bwmc | take this test, and see :)
    13:54:32 RAZ0REDGE | dude
    13:54:42 RAZ0REDGE | i have taken that social engineer test
    13:54:44 RAZ0REDGE | i got a 12
    13:54:47 RAZ0REDGE | 17
    13:54:49 RAZ0REDGE | 18
    13:54:54 RAZ0REDGE | i fucking redo it alot
    13:55:02 RAZ0REDGE | beacuse its so much flaws in it
    13:55:21 RAZ0REDGE | its like u have to be social to be normal
    13:55:29 RAZ0REDGE | u have to make friends and have lots of friends to be normal
    13:55:34 RAZ0REDGE | its fucking social engineer
    13:55:47 RAZ0REDGE | if you can't see that i suppose u are fucking brainwash eh
    13:55:53      bwmc | i wrote a script in my weechat
    13:56:02      bwmc | so ur nick appears as "AutismBSD" when u talk to me
    13:56:03      bwmc | :)
    13:56:35 RAZ0REDGE | dead cat
    13:57:03 RAZ0REDGE | are you friends with yrmt
    13:57:21      bwmc | no
    13:57:42 RAZ0REDGE | yeah i notice
    13:57:54 RAZ0REDGE | he said you people are bunch immature trolls
    13:57:58 RAZ0REDGE | you don't focus on UNIX
    13:58:05 RAZ0REDGE | instead you just whine like a bitch all day
    13:58:07 RAZ0REDGE | grow up
    13:58:14      bwmc | who do you think i am lol?
    13:58:16 RAZ0REDGE | while others here are real UNIX hackers
    13:58:23      bwmc | nixers are ricer idiots, just like you
    13:58:25 RAZ0REDGE | not some GNU/LInux wannabe faggot trolls
    13:58:31 RAZ0REDGE | u act like windoz losers
    13:58:33      bwmc | UNIX is dead
    13:58:41      bwmc | freebsd performance is shitty, linux kicks its ass
    13:58:51      bwmc | better network stack, better virtualization, better filesystems
    13:58:59      bwmc | the only people who use/brag about bsd/unix
    13:59:01      bwmc | are people with autism
    13:59:09 RAZ0REDGE | its call GNU/Linux
    13:59:12 RAZ0REDGE | not linux
    13:59:19      bwmc | i'm talking about the kernel though
    13:59:20 RAZ0REDGE | linux is a core part of the gnu operating system
    13:59:24 RAZ0REDGE | get your shit sorted mate
    13:59:32 RAZ0REDGE | you call me autistic
    13:59:39 RAZ0REDGE | i tend to wonder who is the real autism here
    13:59:51      bwmc | you
    13:59:58 RAZ0REDGE | oh smart come back
    14:00:09 RAZ0REDGE | you have a mind set of a 5 year old child
    14:00:17      bwmc | you talk like a 5 year old child
    14:00:18 RAZ0REDGE | grow up kid
    14:00:26 RAZ0REDGE | waa waa grow up man
    14:00:40 RAZ0REDGE | honestly you need to get a fucking life
    14:00:48      bwmc | aww, are you crying gary?
    14:00:50      bwmc | :3
    14:00:52 RAZ0REDGE | you come around fighting with people online
    14:00:59 RAZ0REDGE | it shows that u have no life at all
    14:01:02 RAZ0REDGE | shows you are the loser
    14:01:11      bwmc | nah, using bsd/unix on the desktop
    14:01:12 RAZ0REDGE | it shows u are autistic , brainwash and fucking pathetic
    14:01:15      bwmc | shows you have no life at all
    14:01:18      bwmc | and probably have autism
    14:01:23      bwmc | i bet you have never seen a vagina
    14:01:24      bwmc | irl
    14:01:36 RAZ0REDGE | what does this have to do with anything
    14:01:45 RAZ0REDGE | vagina and computer are 2 different things
    14:01:47 RAZ0REDGE | and also
    14:01:58 RAZ0REDGE | talking about me having autism is another different topic
    14:02:05 RAZ0REDGE | you twist shit around like you are confused
    14:02:09      bwmc | never had sex/no interest in relationships
    14:02:12      bwmc | is sign of autism
    14:02:24 RAZ0REDGE | You talk like you know me
    14:02:33 RAZ0REDGE | you base upon a stupid troll youtube channel
    14:02:42 RAZ0REDGE | that got alot of people all piss off lulz
    14:02:49      bwmc | haha, lot more than just that youtube
    14:02:52      bwmc | i went way back
    14:02:55      bwmc | :)
    14:02:58 RAZ0REDGE | ?
    14:03:08 RAZ0REDGE | I don't think you know what you are talking about
    14:03:13      bwmc | ur info is so easy to find online
    14:03:20      bwmc | by googline ur aliases, then email comes up
    14:03:25      bwmc | reverse serach it
    14:03:29      bwmc | your real name :)
    14:03:34 RAZ0REDGE | what is my real name
    14:03:57      bwmc | you live in CA right?
    14:04:03      bwmc | turn ur cell on
    14:04:07 RAZ0REDGE | i don't live in california
    14:04:14      bwmc | CA = canada
    14:04:25 RAZ0REDGE | my mobile is always on
    14:04:36 RAZ0REDGE | doesn't mean i have telephone access on it
    14:04:44 RAZ0REDGE | i use it for only wifi
    14:05:05 RAZ0REDGE | and if you think you got my number from some stupid yellow pages
    14:05:06 RAZ0REDGE | lulz
    14:05:08      bwmc | come into #nixers
    14:05:10 RAZ0REDGE | good luck wit hthat man
    14:05:11      bwmc | we want to talk with you
    14:05:17 RAZ0REDGE | i dont want to go in nixers
    14:05:19      bwmc | and lol @ yellow pages
    14:05:21 RAZ0REDGE | why don't you just fuck off
    14:05:21      bwmc | remember ur google acc
    14:05:24      bwmc | when u verified with cell?
    14:05:27 RAZ0REDGE | get on with your life
    14:05:31      bwmc | :)))))))))))))))))))000
    14:05:37 RAZ0REDGE | just get on with it man
    14:05:40      bwmc | irc.nixers.net/6697 #nixers
    14:05:41 RAZ0REDGE | stop focusing on me
    14:05:44 RAZ0REDGE | if u are so smart
    14:05:48 RAZ0REDGE | and much better than me
    14:05:51 RAZ0REDGE | well move on
    14:05:55 RAZ0REDGE | get on with your life
    14:05:59      bwmc | i will stop, if you come to #nixers
    14:06:03 RAZ0REDGE | stop focusing on me to much
    14:06:04      bwmc | for at least 5-10 minutes
    14:06:05      bwmc | and chat with us
    14:06:06 RAZ0REDGE | just move on dude
    14:06:09 RAZ0REDGE | u know
    14:06:13 RAZ0REDGE | get on with your life man
    14:06:18 RAZ0REDGE | stop focusing on me so much
    14:06:26      bwmc | for at least 5-10 minutes
    14:06:31 RAZ0REDGE | you say i'm retarded
    14:06:36 RAZ0REDGE | what you do is quite fucking dumb
    14:06:38 RAZ0REDGE | just stop
    14:06:40 RAZ0REDGE | THINK
    14:06:42      bwmc | i will stop
    14:06:43 RAZ0REDGE | take a step back
    14:06:45 RAZ0REDGE | look
    14:06:45      bwmc | if you come on #nixers
    14:06:46 RAZ0REDGE | at
    14:06:46 RAZ0REDGE | what
    14:06:47 RAZ0REDGE | your
    14:06:49 RAZ0REDGE | doing
    14:06:50 RAZ0REDGE | think about it
    14:06:53      bwmc | stop talking, and listen to what i'm saying
    14:06:56 RAZ0REDGE | who is the dumb one ye
    14:06:58 RAZ0REDGE | who is
    14:06:58      bwmc | come into #nixers, and this shit stops
    14:06:59 RAZ0REDGE | you
    14:06:59      bwmc | for good
    14:07:02      bwmc | :)
    14:07:03 RAZ0REDGE | of course
    14:07:05 RAZ0REDGE | move forward
    14:07:06      bwmc | if you dont, you are the dumb autistic one
    14:07:08 RAZ0REDGE | if ur a bigger man
    14:07:10 RAZ0REDGE | if u are smart
    14:07:12      bwmc | who likes getting his ass kicked
    14:07:13 RAZ0REDGE | and all tht
    14:07:17 RAZ0REDGE | well fuck off lad
    14:07:18 RAZ0REDGE | u hear
    14:07:47      bwmc | i will never stop, unless you come into #nixers
    14:07:48      bwmc | for a chat
    14:08:07 RAZ0REDGE | well keep going while i ignore this nick name
    14:08:15 RAZ0REDGE | have a good day immature fuck
    —->>/ignore bwmc
     
    BigE ip address and some information
    ------------------------------------% This is the RIPE Database query service.
    % The objects are in RPSL format.
    %
    % The RIPE Database is subject to Terms and Conditions.
    % See http://www.ripe.net/db/support/db-terms-conditions.pdf
     
    % Note: this output has been filtered.
    %       To receive output for a database update, use the "-B" flag.
     
    % Information related to '87.41.183.0 - 87.41.183.127'
     
    % Abuse contact for '87.41.183.0 - 87.41.183.127' is 'noc@heanet.ie'
     
    inetnum:        87.41.183.0 - 87.41.183.127
    netname:        HEANET-SBC-4388
    descr:          School Broadband Connection ID 4388
    country:        IE
    admin-c:        HN678-RIPE
    tech-c:         HSN11-RIPE
    status:         ASSIGNED PA
    mnt-by:         HEANET-NOC
    mnt-lower:      HEANET-NOC
    mnt-routes:     HEANET-NOC
    mnt-irt:        IRT-HEANET-SCHOOLS
    source:         RIPE # Filtered
     
    role:           HEAnet NOC
    address:        1st Floor
    address:        5 Georges Dock
    address:        IFSC
    address:        Dublin 1
    address:        Ireland
    phone:          +353 1 6609040
    abuse-mailbox:  noc@heanet.ie
    remarks:        trouble:      Information http://www.heanet.ie/
    remarks:        trouble:      Questions and fault reports  mailto:noc@heanet.ie
    org:            ORG-HA8-RIPE
    admin-c:        HL2364-RIPE
    tech-c:         MN131
    tech-c:         DW238-RIPE
    tech-c:         BB913-RIPE
    tech-c:         CS4140-RIPE
    nic-hdl:        HN678-RIPE
    mnt-by:         HEANET-NOC
    source:         RIPE # Filtered
     
    role:           HEAnet Schools NOC
    address:        1st Floor
    address:        5 Georges Dock
    address:        IFSC
    address:        Dublin 1
    address:        Ireland
    phone:          +353 1 6609040
    org:            ORG-HA8-RIPE
    admin-c:        DOC20-RIPE
    tech-c:         BS2321-RIPE
    tech-c:         DOC20-RIPE
    nic-hdl:        HSN11-RIPE
    mnt-by:         HEANET-NOC
    source:         RIPE # Filtered
     
    % Information related to '87.32.0.0/12AS1213'
     
    route:          87.32.0.0/12
    descr:          IE-HEANET-87-32
    origin:         AS1213
    mnt-by:         HEANET-NOC
    source:         RIPE # Filtered
     
    % This query was served by the RIPE Database Query Service version 1.73.1 (DBC-WHOIS1)
     
    kbw2 chat log (which i kind of think its BigE aka bwmc)
    -------------------------------------------------------16:19:37      
    kbw2 | http://i.imgur.com/yDIVXNo.png << the ip that is censor lulz is: 87.41.183.86

